08:59:24.982 cr-ahurynovich-001.801.crtrading.loc [main] DEBUG org.knowm.xchange.ExchangeFactory
				- Creating default exchange from class name 
08:59:24.984 cr-ahurynovich-001.801.crtrading.loc [main] DEBUG org.knowm.xchange.ExchangeFactory
				- Creating default exchange from class name 
09:03:16.190 cr-ahurynovich-001.801.crtrading.loc [main] DEBUG org.knowm.xchange.ExchangeFactory
				- Creating default exchange from class name 
09:03:16.193 cr-ahurynovich-001.801.crtrading.loc [main] DEBUG org.knowm.xchange.ExchangeFactory
				- Creating default exchange from class name 
09:04:28.002 cr-ahurynovich-001.801.crtrading.loc [main] DEBUG org.knowm.xchange.ExchangeFactory
				- Creating default exchange from class name 
09:04:28.004 cr-ahurynovich-001.801.crtrading.loc [main] DEBUG org.knowm.xchange.ExchangeFactory
				- Creating default exchange from class name 
09:04:43.366 cr-ahurynovich-001.801.crtrading.loc [main] DEBUG org.knowm.xchange.ExchangeFactory
				- Creating default exchange from class name 
09:04:43.368 cr-ahurynovich-001.801.crtrading.loc [main] DEBUG org.knowm.xchange.ExchangeFactory
				- Creating default exchange from class name 
09:14:51.148 cr-ahurynovich-001.801.crtrading.loc [main] DEBUG org.knowm.xchange.ExchangeFactory
				- Creating default exchange from class name 
09:14:51.151 cr-ahurynovich-001.801.crtrading.loc [main] DEBUG org.knowm.xchange.ExchangeFactory
				- Creating default exchange from class name 
09:18:01.336 cr-ahurynovich-001.801.crtrading.loc [main] DEBUG org.knowm.xchange.ExchangeFactory
				- Creating default exchange from class name 
09:18:01.338 cr-ahurynovich-001.801.crtrading.loc [main] DEBUG org.knowm.xchange.ExchangeFactory
				- Creating default exchange from class name 
10:00:52.050 cr-ahurynovich-001.801.crtrading.loc [main] DEBUG org.knowm.xchange.ExchangeFactory
				- Creating default exchange from class name 
10:00:52.052 cr-ahurynovich-001.801.crtrading.loc [main] DEBUG org.knowm.xchange.ExchangeFactory
				- Creating default exchange from class name 
10:01:17.407 cr-ahurynovich-001.801.crtrading.loc [main] DEBUG org.knowm.xchange.ExchangeFactory
				- Creating default exchange from class name 
10:01:17.409 cr-ahurynovich-001.801.crtrading.loc [main] DEBUG org.knowm.xchange.ExchangeFactory
				- Creating default exchange from class name 
10:04:14.837 cr-ahurynovich-001.801.crtrading.loc [main] DEBUG org.knowm.xchange.ExchangeFactory
				- Creating default exchange from class name 
10:04:14.839 cr-ahurynovich-001.801.crtrading.loc [main] DEBUG org.knowm.xchange.ExchangeFactory
				- Creating default exchange from class name 
10:06:35.388 cr-ahurynovich-001.801.crtrading.loc [main] DEBUG org.knowm.xchange.ExchangeFactory
				- Creating default exchange from class name 
10:06:35.390 cr-ahurynovich-001.801.crtrading.loc [main] DEBUG org.knowm.xchange.ExchangeFactory
				- Creating default exchange from class name 
10:09:31.213 cr-ahurynovich-001.801.crtrading.loc [main] DEBUG org.knowm.xchange.ExchangeFactory
				- Creating default exchange from class name 
10:09:31.216 cr-ahurynovich-001.801.crtrading.loc [main] DEBUG org.knowm.xchange.ExchangeFactory
				- Creating default exchange from class name 
10:10:28.628 cr-ahurynovich-001.801.crtrading.loc [main] DEBUG org.knowm.xchange.ExchangeFactory
				- Creating default exchange from class name 
10:10:28.630 cr-ahurynovich-001.801.crtrading.loc [main] DEBUG org.knowm.xchange.ExchangeFactory
				- Creating default exchange from class name 
10:10:58.882 cr-ahurynovich-001.801.crtrading.loc [main] DEBUG org.knowm.xchange.ExchangeFactory
				- Creating default exchange from class name 
10:10:58.882 cr-ahurynovich-001.801.crtrading.loc [main] DEBUG org.knowm.xchange.ExchangeFactory
				- Creating default exchange from class name 
10:11:04.913 cr-ahurynovich-001.801.crtrading.loc [main] DEBUG org.knowm.xchange.ExchangeFactory
				- Creating default exchange from class name 
10:11:04.914 cr-ahurynovich-001.801.crtrading.loc [main] DEBUG org.knowm.xchange.ExchangeFactory
				- Creating default exchange from class name 
10:11:06.170 cr-ahurynovich-001.801.crtrading.loc [main] DEBUG org.knowm.xchange.ExchangeFactory
				- Creating default exchange from class name 
10:11:06.171 cr-ahurynovich-001.801.crtrading.loc [main] DEBUG org.knowm.xchange.ExchangeFactory
				- Creating default exchange from class name 
10:11:07.383 cr-ahurynovich-001.801.crtrading.loc [main] DEBUG org.knowm.xchange.ExchangeFactory
				- Creating default exchange from class name 
10:11:07.384 cr-ahurynovich-001.801.crtrading.loc [main] DEBUG org.knowm.xchange.ExchangeFactory
				- Creating default exchange from class name 
10:11:28.676 cr-ahurynovich-001.801.crtrading.loc [main] DEBUG org.knowm.xchange.ExchangeFactory
				- Creating default exchange from class name 
10:11:28.678 cr-ahurynovich-001.801.crtrading.loc [main] DEBUG org.knowm.xchange.ExchangeFactory
				- Creating default exchange from class name 
10:32:07.801 cr-ahurynovich-001.801.crtrading.loc [main] DEBUG org.knowm.xchange.ExchangeFactory
				- Creating default exchange from class name 
10:32:07.804 cr-ahurynovich-001.801.crtrading.loc [main] DEBUG org.knowm.xchange.ExchangeFactory
				- Creating default exchange from class name 
10:32:09.671 cr-ahurynovich-001.801.crtrading.loc [main] DEBUG org.knowm.xchange.ExchangeFactory
				- Creating default exchange from class name 
10:32:09.672 cr-ahurynovich-001.801.crtrading.loc [main] DEBUG org.knowm.xchange.ExchangeFactory
				- Creating default exchange from class name 
10:32:10.849 cr-ahurynovich-001.801.crtrading.loc [main] DEBUG org.knowm.xchange.ExchangeFactory
				- Creating default exchange from class name 
10:32:10.849 cr-ahurynovich-001.801.crtrading.loc [main] DEBUG org.knowm.xchange.ExchangeFactory
				- Creating default exchange from class name 
10:32:12.054 cr-ahurynovich-001.801.crtrading.loc [main] DEBUG org.knowm.xchange.ExchangeFactory
				- Creating default exchange from class name 
10:32:12.054 cr-ahurynovich-001.801.crtrading.loc [main] DEBUG org.knowm.xchange.ExchangeFactory
				- Creating default exchange from class name 
10:32:13.234 cr-ahurynovich-001.801.crtrading.loc [main] DEBUG org.knowm.xchange.ExchangeFactory
				- Creating default exchange from class name 
10:32:13.234 cr-ahurynovich-001.801.crtrading.loc [main] DEBUG org.knowm.xchange.ExchangeFactory
				- Creating default exchange from class name 
10:32:14.430 cr-ahurynovich-001.801.crtrading.loc [main] DEBUG org.knowm.xchange.ExchangeFactory
				- Creating default exchange from class name 
10:32:14.430 cr-ahurynovich-001.801.crtrading.loc [main] DEBUG org.knowm.xchange.ExchangeFactory
				- Creating default exchange from class name 
10:32:15.719 cr-ahurynovich-001.801.crtrading.loc [main] DEBUG org.knowm.xchange.ExchangeFactory
				- Creating default exchange from class name 
10:32:15.719 cr-ahurynovich-001.801.crtrading.loc [main] DEBUG org.knowm.xchange.ExchangeFactory
				- Creating default exchange from class name 
10:32:16.921 cr-ahurynovich-001.801.crtrading.loc [main] DEBUG org.knowm.xchange.ExchangeFactory
				- Creating default exchange from class name 
10:32:16.922 cr-ahurynovich-001.801.crtrading.loc [main] DEBUG org.knowm.xchange.ExchangeFactory
				- Creating default exchange from class name 
10:32:18.141 cr-ahurynovich-001.801.crtrading.loc [main] DEBUG org.knowm.xchange.ExchangeFactory
				- Creating default exchange from class name 
10:32:18.142 cr-ahurynovich-001.801.crtrading.loc [main] DEBUG org.knowm.xchange.ExchangeFactory
				- Creating default exchange from class name 
10:32:19.317 cr-ahurynovich-001.801.crtrading.loc [main] DEBUG org.knowm.xchange.ExchangeFactory
				- Creating default exchange from class name 
10:32:19.317 cr-ahurynovich-001.801.crtrading.loc [main] DEBUG org.knowm.xchange.ExchangeFactory
				- Creating default exchange from class name 
10:32:20.493 cr-ahurynovich-001.801.crtrading.loc [main] DEBUG org.knowm.xchange.ExchangeFactory
				- Creating default exchange from class name 
10:32:20.494 cr-ahurynovich-001.801.crtrading.loc [main] DEBUG org.knowm.xchange.ExchangeFactory
				- Creating default exchange from class name 
10:32:21.673 cr-ahurynovich-001.801.crtrading.loc [main] DEBUG org.knowm.xchange.ExchangeFactory
				- Creating default exchange from class name 
10:32:21.673 cr-ahurynovich-001.801.crtrading.loc [main] DEBUG org.knowm.xchange.ExchangeFactory
				- Creating default exchange from class name 
10:32:22.869 cr-ahurynovich-001.801.crtrading.loc [main] DEBUG org.knowm.xchange.ExchangeFactory
				- Creating default exchange from class name 
10:32:22.869 cr-ahurynovich-001.801.crtrading.loc [main] DEBUG org.knowm.xchange.ExchangeFactory
				- Creating default exchange from class name 
10:32:24.046 cr-ahurynovich-001.801.crtrading.loc [main] DEBUG org.knowm.xchange.ExchangeFactory
				- Creating default exchange from class name 
10:32:24.046 cr-ahurynovich-001.801.crtrading.loc [main] DEBUG org.knowm.xchange.ExchangeFactory
				- Creating default exchange from class name 
10:32:25.237 cr-ahurynovich-001.801.crtrading.loc [main] DEBUG org.knowm.xchange.ExchangeFactory
				- Creating default exchange from class name 
10:32:25.237 cr-ahurynovich-001.801.crtrading.loc [main] DEBUG org.knowm.xchange.ExchangeFactory
				- Creating default exchange from class name 
10:32:26.433 cr-ahurynovich-001.801.crtrading.loc [main] DEBUG org.knowm.xchange.ExchangeFactory
				- Creating default exchange from class name 
10:32:26.434 cr-ahurynovich-001.801.crtrading.loc [main] DEBUG org.knowm.xchange.ExchangeFactory
				- Creating default exchange from class name 
10:32:27.634 cr-ahurynovich-001.801.crtrading.loc [main] DEBUG org.knowm.xchange.ExchangeFactory
				- Creating default exchange from class name 
10:32:27.634 cr-ahurynovich-001.801.crtrading.loc [main] DEBUG org.knowm.xchange.ExchangeFactory
				- Creating default exchange from class name 
10:32:28.810 cr-ahurynovich-001.801.crtrading.loc [main] DEBUG org.knowm.xchange.ExchangeFactory
				- Creating default exchange from class name 
10:32:28.810 cr-ahurynovich-001.801.crtrading.loc [main] DEBUG org.knowm.xchange.ExchangeFactory
				- Creating default exchange from class name 
10:32:30.004 cr-ahurynovich-001.801.crtrading.loc [main] DEBUG org.knowm.xchange.ExchangeFactory
				- Creating default exchange from class name 
10:32:30.004 cr-ahurynovich-001.801.crtrading.loc [main] DEBUG org.knowm.xchange.ExchangeFactory
				- Creating default exchange from class name 
10:32:31.196 cr-ahurynovich-001.801.crtrading.loc [main] DEBUG org.knowm.xchange.ExchangeFactory
				- Creating default exchange from class name 
10:32:31.196 cr-ahurynovich-001.801.crtrading.loc [main] DEBUG org.knowm.xchange.ExchangeFactory
				- Creating default exchange from class name 
10:32:32.388 cr-ahurynovich-001.801.crtrading.loc [main] DEBUG org.knowm.xchange.ExchangeFactory
				- Creating default exchange from class name 
10:32:32.389 cr-ahurynovich-001.801.crtrading.loc [main] DEBUG org.knowm.xchange.ExchangeFactory
				- Creating default exchange from class name 
10:32:33.575 cr-ahurynovich-001.801.crtrading.loc [main] DEBUG org.knowm.xchange.ExchangeFactory
				- Creating default exchange from class name 
10:32:33.576 cr-ahurynovich-001.801.crtrading.loc [main] DEBUG org.knowm.xchange.ExchangeFactory
				- Creating default exchange from class name 
10:32:34.770 cr-ahurynovich-001.801.crtrading.loc [main] DEBUG org.knowm.xchange.ExchangeFactory
				- Creating default exchange from class name 
10:32:34.770 cr-ahurynovich-001.801.crtrading.loc [main] DEBUG org.knowm.xchange.ExchangeFactory
				- Creating default exchange from class name 
10:32:35.963 cr-ahurynovich-001.801.crtrading.loc [main] DEBUG org.knowm.xchange.ExchangeFactory
				- Creating default exchange from class name 
10:32:35.963 cr-ahurynovich-001.801.crtrading.loc [main] DEBUG org.knowm.xchange.ExchangeFactory
				- Creating default exchange from class name 
10:32:37.143 cr-ahurynovich-001.801.crtrading.loc [main] DEBUG org.knowm.xchange.ExchangeFactory
				- Creating default exchange from class name 
10:32:37.143 cr-ahurynovich-001.801.crtrading.loc [main] DEBUG org.knowm.xchange.ExchangeFactory
				- Creating default exchange from class name 
10:32:38.320 cr-ahurynovich-001.801.crtrading.loc [main] DEBUG org.knowm.xchange.ExchangeFactory
				- Creating default exchange from class name 
10:32:38.321 cr-ahurynovich-001.801.crtrading.loc [main] DEBUG org.knowm.xchange.ExchangeFactory
				- Creating default exchange from class name 
10:32:39.517 cr-ahurynovich-001.801.crtrading.loc [main] DEBUG org.knowm.xchange.ExchangeFactory
				- Creating default exchange from class name 
10:32:39.518 cr-ahurynovich-001.801.crtrading.loc [main] DEBUG org.knowm.xchange.ExchangeFactory
				- Creating default exchange from class name 
10:32:40.690 cr-ahurynovich-001.801.crtrading.loc [main] DEBUG org.knowm.xchange.ExchangeFactory
				- Creating default exchange from class name 
10:32:40.691 cr-ahurynovich-001.801.crtrading.loc [main] DEBUG org.knowm.xchange.ExchangeFactory
				- Creating default exchange from class name 
10:32:41.864 cr-ahurynovich-001.801.crtrading.loc [main] DEBUG org.knowm.xchange.ExchangeFactory
				- Creating default exchange from class name 
10:32:41.865 cr-ahurynovich-001.801.crtrading.loc [main] DEBUG org.knowm.xchange.ExchangeFactory
				- Creating default exchange from class name 
10:32:43.056 cr-ahurynovich-001.801.crtrading.loc [main] DEBUG org.knowm.xchange.ExchangeFactory
				- Creating default exchange from class name 
10:32:43.056 cr-ahurynovich-001.801.crtrading.loc [main] DEBUG org.knowm.xchange.ExchangeFactory
				- Creating default exchange from class name 
10:36:05.953 cr-ahurynovich-001.801.crtrading.loc [main] DEBUG org.knowm.xchange.ExchangeFactory
				- Creating default exchange from class name 
10:36:05.955 cr-ahurynovich-001.801.crtrading.loc [main] DEBUG org.knowm.xchange.ExchangeFactory
				- Creating default exchange from class name 
10:36:09.332 cr-ahurynovich-001.801.crtrading.loc [main] DEBUG org.knowm.xchange.ExchangeFactory
				- Creating default exchange from class name 
10:36:09.332 cr-ahurynovich-001.801.crtrading.loc [main] DEBUG org.knowm.xchange.ExchangeFactory
				- Creating default exchange from class name 
10:36:14.670 cr-ahurynovich-001.801.crtrading.loc [main] DEBUG org.knowm.xchange.ExchangeFactory
				- Creating default exchange from class name 
10:36:14.671 cr-ahurynovich-001.801.crtrading.loc [main] DEBUG org.knowm.xchange.ExchangeFactory
				- Creating default exchange from class name 
10:36:19.024 cr-ahurynovich-001.801.crtrading.loc [main] DEBUG org.knowm.xchange.ExchangeFactory
				- Creating default exchange from class name 
10:36:19.024 cr-ahurynovich-001.801.crtrading.loc [main] DEBUG org.knowm.xchange.ExchangeFactory
				- Creating default exchange from class name 
10:36:21.152 cr-ahurynovich-001.801.crtrading.loc [main] DEBUG org.knowm.xchange.ExchangeFactory
				- Creating default exchange from class name 
10:36:21.152 cr-ahurynovich-001.801.crtrading.loc [main] DEBUG org.knowm.xchange.ExchangeFactory
				- Creating default exchange from class name 
10:36:24.443 cr-ahurynovich-001.801.crtrading.loc [main] DEBUG org.knowm.xchange.ExchangeFactory
				- Creating default exchange from class name 
10:36:24.443 cr-ahurynovich-001.801.crtrading.loc [main] DEBUG org.knowm.xchange.ExchangeFactory
				- Creating default exchange from class name 
10:36:27.545 cr-ahurynovich-001.801.crtrading.loc [main] DEBUG org.knowm.xchange.ExchangeFactory
				- Creating default exchange from class name 
10:36:27.546 cr-ahurynovich-001.801.crtrading.loc [main] DEBUG org.knowm.xchange.ExchangeFactory
				- Creating default exchange from class name 
10:36:29.710 cr-ahurynovich-001.801.crtrading.loc [main] DEBUG org.knowm.xchange.ExchangeFactory
				- Creating default exchange from class name 
10:36:29.711 cr-ahurynovich-001.801.crtrading.loc [main] DEBUG org.knowm.xchange.ExchangeFactory
				- Creating default exchange from class name 
10:36:31.948 cr-ahurynovich-001.801.crtrading.loc [main] DEBUG org.knowm.xchange.ExchangeFactory
				- Creating default exchange from class name 
10:36:31.948 cr-ahurynovich-001.801.crtrading.loc [main] DEBUG org.knowm.xchange.ExchangeFactory
				- Creating default exchange from class name 
10:36:35.212 cr-ahurynovich-001.801.crtrading.loc [main] DEBUG org.knowm.xchange.ExchangeFactory
				- Creating default exchange from class name 
10:36:35.213 cr-ahurynovich-001.801.crtrading.loc [main] DEBUG org.knowm.xchange.ExchangeFactory
				- Creating default exchange from class name 
10:36:38.267 cr-ahurynovich-001.801.crtrading.loc [main] DEBUG org.knowm.xchange.ExchangeFactory
				- Creating default exchange from class name 
10:36:38.268 cr-ahurynovich-001.801.crtrading.loc [main] DEBUG org.knowm.xchange.ExchangeFactory
				- Creating default exchange from class name 
10:36:40.406 cr-ahurynovich-001.801.crtrading.loc [main] DEBUG org.knowm.xchange.ExchangeFactory
				- Creating default exchange from class name 
10:36:40.407 cr-ahurynovich-001.801.crtrading.loc [main] DEBUG org.knowm.xchange.ExchangeFactory
				- Creating default exchange from class name 
10:36:42.610 cr-ahurynovich-001.801.crtrading.loc [main] DEBUG org.knowm.xchange.ExchangeFactory
				- Creating default exchange from class name 
10:36:42.611 cr-ahurynovich-001.801.crtrading.loc [main] DEBUG org.knowm.xchange.ExchangeFactory
				- Creating default exchange from class name 
10:36:44.868 cr-ahurynovich-001.801.crtrading.loc [main] DEBUG org.knowm.xchange.ExchangeFactory
				- Creating default exchange from class name 
10:36:44.868 cr-ahurynovich-001.801.crtrading.loc [main] DEBUG org.knowm.xchange.ExchangeFactory
				- Creating default exchange from class name 
10:36:47.018 cr-ahurynovich-001.801.crtrading.loc [main] DEBUG org.knowm.xchange.ExchangeFactory
				- Creating default exchange from class name 
10:36:47.018 cr-ahurynovich-001.801.crtrading.loc [main] DEBUG org.knowm.xchange.ExchangeFactory
				- Creating default exchange from class name 
10:36:50.237 cr-ahurynovich-001.801.crtrading.loc [main] DEBUG org.knowm.xchange.ExchangeFactory
				- Creating default exchange from class name 
10:36:50.237 cr-ahurynovich-001.801.crtrading.loc [main] DEBUG org.knowm.xchange.ExchangeFactory
				- Creating default exchange from class name 
10:36:52.446 cr-ahurynovich-001.801.crtrading.loc [main] DEBUG org.knowm.xchange.ExchangeFactory
				- Creating default exchange from class name 
10:36:52.446 cr-ahurynovich-001.801.crtrading.loc [main] DEBUG org.knowm.xchange.ExchangeFactory
				- Creating default exchange from class name 
10:36:54.559 cr-ahurynovich-001.801.crtrading.loc [main] DEBUG org.knowm.xchange.ExchangeFactory
				- Creating default exchange from class name 
10:36:54.559 cr-ahurynovich-001.801.crtrading.loc [main] DEBUG org.knowm.xchange.ExchangeFactory
				- Creating default exchange from class name 
10:36:57.860 cr-ahurynovich-001.801.crtrading.loc [main] DEBUG org.knowm.xchange.ExchangeFactory
				- Creating default exchange from class name 
10:36:57.861 cr-ahurynovich-001.801.crtrading.loc [main] DEBUG org.knowm.xchange.ExchangeFactory
				- Creating default exchange from class name 
10:37:01.115 cr-ahurynovich-001.801.crtrading.loc [main] DEBUG org.knowm.xchange.ExchangeFactory
				- Creating default exchange from class name 
10:37:01.116 cr-ahurynovich-001.801.crtrading.loc [main] DEBUG org.knowm.xchange.ExchangeFactory
				- Creating default exchange from class name 
10:37:03.277 cr-ahurynovich-001.801.crtrading.loc [main] DEBUG org.knowm.xchange.ExchangeFactory
				- Creating default exchange from class name 
10:37:03.278 cr-ahurynovich-001.801.crtrading.loc [main] DEBUG org.knowm.xchange.ExchangeFactory
				- Creating default exchange from class name 
10:37:05.400 cr-ahurynovich-001.801.crtrading.loc [main] DEBUG org.knowm.xchange.ExchangeFactory
				- Creating default exchange from class name 
10:37:05.400 cr-ahurynovich-001.801.crtrading.loc [main] DEBUG org.knowm.xchange.ExchangeFactory
				- Creating default exchange from class name 
10:37:07.550 cr-ahurynovich-001.801.crtrading.loc [main] DEBUG org.knowm.xchange.ExchangeFactory
				- Creating default exchange from class name 
10:37:07.550 cr-ahurynovich-001.801.crtrading.loc [main] DEBUG org.knowm.xchange.ExchangeFactory
				- Creating default exchange from class name 
10:37:09.768 cr-ahurynovich-001.801.crtrading.loc [main] DEBUG org.knowm.xchange.ExchangeFactory
				- Creating default exchange from class name 
10:37:09.768 cr-ahurynovich-001.801.crtrading.loc [main] DEBUG org.knowm.xchange.ExchangeFactory
				- Creating default exchange from class name 
10:37:11.083 cr-ahurynovich-001.801.crtrading.loc [main] DEBUG org.knowm.xchange.ExchangeFactory
				- Creating default exchange from class name 
10:37:11.083 cr-ahurynovich-001.801.crtrading.loc [main] DEBUG org.knowm.xchange.ExchangeFactory
				- Creating default exchange from class name 
10:37:12.981 cr-ahurynovich-001.801.crtrading.loc [main] DEBUG org.knowm.xchange.ExchangeFactory
				- Creating default exchange from class name 
10:37:12.982 cr-ahurynovich-001.801.crtrading.loc [main] DEBUG org.knowm.xchange.ExchangeFactory
				- Creating default exchange from class name 
10:37:15.194 cr-ahurynovich-001.801.crtrading.loc [main] DEBUG org.knowm.xchange.ExchangeFactory
				- Creating default exchange from class name 
10:37:15.194 cr-ahurynovich-001.801.crtrading.loc [main] DEBUG org.knowm.xchange.ExchangeFactory
				- Creating default exchange from class name 
10:37:17.315 cr-ahurynovich-001.801.crtrading.loc [main] DEBUG org.knowm.xchange.ExchangeFactory
				- Creating default exchange from class name 
10:37:17.316 cr-ahurynovich-001.801.crtrading.loc [main] DEBUG org.knowm.xchange.ExchangeFactory
				- Creating default exchange from class name 
10:37:21.569 cr-ahurynovich-001.801.crtrading.loc [main] DEBUG org.knowm.xchange.ExchangeFactory
				- Creating default exchange from class name 
10:37:21.569 cr-ahurynovich-001.801.crtrading.loc [main] DEBUG org.knowm.xchange.ExchangeFactory
				- Creating default exchange from class name 
10:37:23.723 cr-ahurynovich-001.801.crtrading.loc [main] DEBUG org.knowm.xchange.ExchangeFactory
				- Creating default exchange from class name 
10:37:23.723 cr-ahurynovich-001.801.crtrading.loc [main] DEBUG org.knowm.xchange.ExchangeFactory
				- Creating default exchange from class name 
10:37:25.939 cr-ahurynovich-001.801.crtrading.loc [main] DEBUG org.knowm.xchange.ExchangeFactory
				- Creating default exchange from class name 
10:37:25.940 cr-ahurynovich-001.801.crtrading.loc [main] DEBUG org.knowm.xchange.ExchangeFactory
				- Creating default exchange from class name 
10:37:28.141 cr-ahurynovich-001.801.crtrading.loc [main] DEBUG org.knowm.xchange.ExchangeFactory
				- Creating default exchange from class name 
10:37:28.141 cr-ahurynovich-001.801.crtrading.loc [main] DEBUG org.knowm.xchange.ExchangeFactory
				- Creating default exchange from class name 
10:37:31.323 cr-ahurynovich-001.801.crtrading.loc [main] DEBUG org.knowm.xchange.ExchangeFactory
				- Creating default exchange from class name 
10:37:31.323 cr-ahurynovich-001.801.crtrading.loc [main] DEBUG org.knowm.xchange.ExchangeFactory
				- Creating default exchange from class name 
10:37:33.504 cr-ahurynovich-001.801.crtrading.loc [main] DEBUG org.knowm.xchange.ExchangeFactory
				- Creating default exchange from class name 
10:37:33.504 cr-ahurynovich-001.801.crtrading.loc [main] DEBUG org.knowm.xchange.ExchangeFactory
				- Creating default exchange from class name 
10:37:35.660 cr-ahurynovich-001.801.crtrading.loc [main] DEBUG org.knowm.xchange.ExchangeFactory
				- Creating default exchange from class name 
10:37:35.661 cr-ahurynovich-001.801.crtrading.loc [main] DEBUG org.knowm.xchange.ExchangeFactory
				- Creating default exchange from class name 
10:37:38.981 cr-ahurynovich-001.801.crtrading.loc [main] DEBUG org.knowm.xchange.ExchangeFactory
				- Creating default exchange from class name 
10:37:38.981 cr-ahurynovich-001.801.crtrading.loc [main] DEBUG org.knowm.xchange.ExchangeFactory
				- Creating default exchange from class name 
10:37:41.263 cr-ahurynovich-001.801.crtrading.loc [main] DEBUG org.knowm.xchange.ExchangeFactory
				- Creating default exchange from class name 
10:37:41.263 cr-ahurynovich-001.801.crtrading.loc [main] DEBUG org.knowm.xchange.ExchangeFactory
				- Creating default exchange from class name 
10:37:43.210 cr-ahurynovich-001.801.crtrading.loc [main] DEBUG org.knowm.xchange.ExchangeFactory
				- Creating default exchange from class name 
10:37:43.210 cr-ahurynovich-001.801.crtrading.loc [main] DEBUG org.knowm.xchange.ExchangeFactory
				- Creating default exchange from class name 
10:37:45.463 cr-ahurynovich-001.801.crtrading.loc [main] DEBUG org.knowm.xchange.ExchangeFactory
				- Creating default exchange from class name 
10:37:45.464 cr-ahurynovich-001.801.crtrading.loc [main] DEBUG org.knowm.xchange.ExchangeFactory
				- Creating default exchange from class name 
10:37:47.611 cr-ahurynovich-001.801.crtrading.loc [main] DEBUG org.knowm.xchange.ExchangeFactory
				- Creating default exchange from class name 
10:37:47.612 cr-ahurynovich-001.801.crtrading.loc [main] DEBUG org.knowm.xchange.ExchangeFactory
				- Creating default exchange from class name 
10:37:49.664 cr-ahurynovich-001.801.crtrading.loc [main] DEBUG org.knowm.xchange.ExchangeFactory
				- Creating default exchange from class name 
10:37:49.664 cr-ahurynovich-001.801.crtrading.loc [main] DEBUG org.knowm.xchange.ExchangeFactory
				- Creating default exchange from class name 
10:37:51.802 cr-ahurynovich-001.801.crtrading.loc [main] DEBUG org.knowm.xchange.ExchangeFactory
				- Creating default exchange from class name 
10:37:51.802 cr-ahurynovich-001.801.crtrading.loc [main] DEBUG org.knowm.xchange.ExchangeFactory
				- Creating default exchange from class name 
10:37:54.025 cr-ahurynovich-001.801.crtrading.loc [main] DEBUG org.knowm.xchange.ExchangeFactory
				- Creating default exchange from class name 
10:37:54.025 cr-ahurynovich-001.801.crtrading.loc [main] DEBUG org.knowm.xchange.ExchangeFactory
				- Creating default exchange from class name 
10:37:56.123 cr-ahurynovich-001.801.crtrading.loc [main] DEBUG org.knowm.xchange.ExchangeFactory
				- Creating default exchange from class name 
10:37:56.123 cr-ahurynovich-001.801.crtrading.loc [main] DEBUG org.knowm.xchange.ExchangeFactory
				- Creating default exchange from class name 
10:37:59.432 cr-ahurynovich-001.801.crtrading.loc [main] DEBUG org.knowm.xchange.ExchangeFactory
				- Creating default exchange from class name 
10:37:59.432 cr-ahurynovich-001.801.crtrading.loc [main] DEBUG org.knowm.xchange.ExchangeFactory
				- Creating default exchange from class name 
10:38:01.534 cr-ahurynovich-001.801.crtrading.loc [main] DEBUG org.knowm.xchange.ExchangeFactory
				- Creating default exchange from class name 
10:38:01.534 cr-ahurynovich-001.801.crtrading.loc [main] DEBUG org.knowm.xchange.ExchangeFactory
				- Creating default exchange from class name 
10:38:03.758 cr-ahurynovich-001.801.crtrading.loc [main] DEBUG org.knowm.xchange.ExchangeFactory
				- Creating default exchange from class name 
10:38:03.759 cr-ahurynovich-001.801.crtrading.loc [main] DEBUG org.knowm.xchange.ExchangeFactory
				- Creating default exchange from class name 
10:38:05.885 cr-ahurynovich-001.801.crtrading.loc [main] DEBUG org.knowm.xchange.ExchangeFactory
				- Creating default exchange from class name 
10:38:05.886 cr-ahurynovich-001.801.crtrading.loc [main] DEBUG org.knowm.xchange.ExchangeFactory
				- Creating default exchange from class name 
10:38:08.121 cr-ahurynovich-001.801.crtrading.loc [main] DEBUG org.knowm.xchange.ExchangeFactory
				- Creating default exchange from class name 
10:38:08.121 cr-ahurynovich-001.801.crtrading.loc [main] DEBUG org.knowm.xchange.ExchangeFactory
				- Creating default exchange from class name 
10:38:10.247 cr-ahurynovich-001.801.crtrading.loc [main] DEBUG org.knowm.xchange.ExchangeFactory
				- Creating default exchange from class name 
10:38:10.248 cr-ahurynovich-001.801.crtrading.loc [main] DEBUG org.knowm.xchange.ExchangeFactory
				- Creating default exchange from class name 
10:38:12.336 cr-ahurynovich-001.801.crtrading.loc [main] DEBUG org.knowm.xchange.ExchangeFactory
				- Creating default exchange from class name 
10:38:12.336 cr-ahurynovich-001.801.crtrading.loc [main] DEBUG org.knowm.xchange.ExchangeFactory
				- Creating default exchange from class name 
10:38:14.469 cr-ahurynovich-001.801.crtrading.loc [main] DEBUG org.knowm.xchange.ExchangeFactory
				- Creating default exchange from class name 
10:38:14.469 cr-ahurynovich-001.801.crtrading.loc [main] DEBUG org.knowm.xchange.ExchangeFactory
				- Creating default exchange from class name 
10:38:16.677 cr-ahurynovich-001.801.crtrading.loc [main] DEBUG org.knowm.xchange.ExchangeFactory
				- Creating default exchange from class name 
10:38:16.677 cr-ahurynovich-001.801.crtrading.loc [main] DEBUG org.knowm.xchange.ExchangeFactory
				- Creating default exchange from class name 
10:38:18.877 cr-ahurynovich-001.801.crtrading.loc [main] DEBUG org.knowm.xchange.ExchangeFactory
				- Creating default exchange from class name 
10:38:18.877 cr-ahurynovich-001.801.crtrading.loc [main] DEBUG org.knowm.xchange.ExchangeFactory
				- Creating default exchange from class name 
10:38:21.116 cr-ahurynovich-001.801.crtrading.loc [main] DEBUG org.knowm.xchange.ExchangeFactory
				- Creating default exchange from class name 
10:38:21.117 cr-ahurynovich-001.801.crtrading.loc [main] DEBUG org.knowm.xchange.ExchangeFactory
				- Creating default exchange from class name 
10:38:23.163 cr-ahurynovich-001.801.crtrading.loc [main] DEBUG org.knowm.xchange.ExchangeFactory
				- Creating default exchange from class name 
10:38:23.164 cr-ahurynovich-001.801.crtrading.loc [main] DEBUG org.knowm.xchange.ExchangeFactory
				- Creating default exchange from class name 
10:38:26.437 cr-ahurynovich-001.801.crtrading.loc [main] DEBUG org.knowm.xchange.ExchangeFactory
				- Creating default exchange from class name 
10:38:26.437 cr-ahurynovich-001.801.crtrading.loc [main] DEBUG org.knowm.xchange.ExchangeFactory
				- Creating default exchange from class name 
10:38:29.752 cr-ahurynovich-001.801.crtrading.loc [main] DEBUG org.knowm.xchange.ExchangeFactory
				- Creating default exchange from class name 
10:38:29.752 cr-ahurynovich-001.801.crtrading.loc [main] DEBUG org.knowm.xchange.ExchangeFactory
				- Creating default exchange from class name 
10:38:32.825 cr-ahurynovich-001.801.crtrading.loc [main] DEBUG org.knowm.xchange.ExchangeFactory
				- Creating default exchange from class name 
10:38:32.825 cr-ahurynovich-001.801.crtrading.loc [main] DEBUG org.knowm.xchange.ExchangeFactory
				- Creating default exchange from class name 
10:38:35.031 cr-ahurynovich-001.801.crtrading.loc [main] DEBUG org.knowm.xchange.ExchangeFactory
				- Creating default exchange from class name 
10:38:35.032 cr-ahurynovich-001.801.crtrading.loc [main] DEBUG org.knowm.xchange.ExchangeFactory
				- Creating default exchange from class name 
10:38:37.279 cr-ahurynovich-001.801.crtrading.loc [main] DEBUG org.knowm.xchange.ExchangeFactory
				- Creating default exchange from class name 
10:38:37.279 cr-ahurynovich-001.801.crtrading.loc [main] DEBUG org.knowm.xchange.ExchangeFactory
				- Creating default exchange from class name 
10:38:39.491 cr-ahurynovich-001.801.crtrading.loc [main] DEBUG org.knowm.xchange.ExchangeFactory
				- Creating default exchange from class name 
10:38:39.491 cr-ahurynovich-001.801.crtrading.loc [main] DEBUG org.knowm.xchange.ExchangeFactory
				- Creating default exchange from class name 
10:38:41.640 cr-ahurynovich-001.801.crtrading.loc [main] DEBUG org.knowm.xchange.ExchangeFactory
				- Creating default exchange from class name 
10:38:41.640 cr-ahurynovich-001.801.crtrading.loc [main] DEBUG org.knowm.xchange.ExchangeFactory
				- Creating default exchange from class name 
10:38:43.758 cr-ahurynovich-001.801.crtrading.loc [main] DEBUG org.knowm.xchange.ExchangeFactory
				- Creating default exchange from class name 
10:38:43.759 cr-ahurynovich-001.801.crtrading.loc [main] DEBUG org.knowm.xchange.ExchangeFactory
				- Creating default exchange from class name 
10:38:46.099 cr-ahurynovich-001.801.crtrading.loc [main] DEBUG org.knowm.xchange.ExchangeFactory
				- Creating default exchange from class name 
10:38:46.100 cr-ahurynovich-001.801.crtrading.loc [main] DEBUG org.knowm.xchange.ExchangeFactory
				- Creating default exchange from class name 
10:38:49.155 cr-ahurynovich-001.801.crtrading.loc [main] DEBUG org.knowm.xchange.ExchangeFactory
				- Creating default exchange from class name 
10:38:49.155 cr-ahurynovich-001.801.crtrading.loc [main] DEBUG org.knowm.xchange.ExchangeFactory
				- Creating default exchange from class name 
10:38:50.420 cr-ahurynovich-001.801.crtrading.loc [main] DEBUG org.knowm.xchange.ExchangeFactory
				- Creating default exchange from class name 
10:38:50.420 cr-ahurynovich-001.801.crtrading.loc [main] DEBUG org.knowm.xchange.ExchangeFactory
				- Creating default exchange from class name 
10:38:52.396 cr-ahurynovich-001.801.crtrading.loc [main] DEBUG org.knowm.xchange.ExchangeFactory
				- Creating default exchange from class name 
10:38:52.397 cr-ahurynovich-001.801.crtrading.loc [main] DEBUG org.knowm.xchange.ExchangeFactory
				- Creating default exchange from class name 
10:38:54.516 cr-ahurynovich-001.801.crtrading.loc [main] DEBUG org.knowm.xchange.ExchangeFactory
				- Creating default exchange from class name 
10:38:54.517 cr-ahurynovich-001.801.crtrading.loc [main] DEBUG org.knowm.xchange.ExchangeFactory
				- Creating default exchange from class name 
10:38:57.801 cr-ahurynovich-001.801.crtrading.loc [main] DEBUG org.knowm.xchange.ExchangeFactory
				- Creating default exchange from class name 
10:38:57.801 cr-ahurynovich-001.801.crtrading.loc [main] DEBUG org.knowm.xchange.ExchangeFactory
				- Creating default exchange from class name 
10:38:59.940 cr-ahurynovich-001.801.crtrading.loc [main] DEBUG org.knowm.xchange.ExchangeFactory
				- Creating default exchange from class name 
10:38:59.941 cr-ahurynovich-001.801.crtrading.loc [main] DEBUG org.knowm.xchange.ExchangeFactory
				- Creating default exchange from class name 
10:39:02.116 cr-ahurynovich-001.801.crtrading.loc [main] DEBUG org.knowm.xchange.ExchangeFactory
				- Creating default exchange from class name 
10:39:02.116 cr-ahurynovich-001.801.crtrading.loc [main] DEBUG org.knowm.xchange.ExchangeFactory
				- Creating default exchange from class name 
10:39:04.350 cr-ahurynovich-001.801.crtrading.loc [main] DEBUG org.knowm.xchange.ExchangeFactory
				- Creating default exchange from class name 
10:39:04.350 cr-ahurynovich-001.801.crtrading.loc [main] DEBUG org.knowm.xchange.ExchangeFactory
				- Creating default exchange from class name 
10:39:06.476 cr-ahurynovich-001.801.crtrading.loc [main] DEBUG org.knowm.xchange.ExchangeFactory
				- Creating default exchange from class name 
10:39:06.477 cr-ahurynovich-001.801.crtrading.loc [main] DEBUG org.knowm.xchange.ExchangeFactory
				- Creating default exchange from class name 
10:39:09.736 cr-ahurynovich-001.801.crtrading.loc [main] DEBUG org.knowm.xchange.ExchangeFactory
				- Creating default exchange from class name 
10:39:09.736 cr-ahurynovich-001.801.crtrading.loc [main] DEBUG org.knowm.xchange.ExchangeFactory
				- Creating default exchange from class name 
10:39:15.302 cr-ahurynovich-001.801.crtrading.loc [main] DEBUG org.knowm.xchange.ExchangeFactory
				- Creating default exchange from class name 
10:39:15.304 cr-ahurynovich-001.801.crtrading.loc [main] DEBUG org.knowm.xchange.ExchangeFactory
				- Creating default exchange from class name 
10:39:45.165 cr-ahurynovich-001.801.crtrading.loc [main] DEBUG org.knowm.xchange.ExchangeFactory
				- Creating default exchange from class name 
10:39:45.167 cr-ahurynovich-001.801.crtrading.loc [main] DEBUG org.knowm.xchange.ExchangeFactory
				- Creating default exchange from class name 
10:40:32.069 cr-ahurynovich-001.801.crtrading.loc [main] DEBUG org.knowm.xchange.ExchangeFactory
				- Creating default exchange from class name 
10:40:32.072 cr-ahurynovich-001.801.crtrading.loc [main] DEBUG org.knowm.xchange.ExchangeFactory
				- Creating default exchange from class name 
10:43:15.180 cr-ahurynovich-001.801.crtrading.loc [main] DEBUG org.knowm.xchange.ExchangeFactory
				- Creating default exchange from class name 
10:43:15.182 cr-ahurynovich-001.801.crtrading.loc [main] DEBUG org.knowm.xchange.ExchangeFactory
				- Creating default exchange from class name 
10:44:12.149 cr-ahurynovich-001.801.crtrading.loc [main] DEBUG org.knowm.xchange.ExchangeFactory
				- Creating default exchange from class name 
10:44:12.150 cr-ahurynovich-001.801.crtrading.loc [main] DEBUG org.knowm.xchange.ExchangeFactory
				- Creating default exchange from class name 
10:47:18.169 cr-ahurynovich-001.801.crtrading.loc [main] DEBUG org.knowm.xchange.ExchangeFactory
				- Creating default exchange from class name 
10:47:18.171 cr-ahurynovich-001.801.crtrading.loc [main] DEBUG org.knowm.xchange.ExchangeFactory
				- Creating default exchange from class name 
10:47:28.981 cr-ahurynovich-001.801.crtrading.loc [main] DEBUG org.knowm.xchange.ExchangeFactory
				- Creating default exchange from class name 
10:47:28.983 cr-ahurynovich-001.801.crtrading.loc [main] DEBUG org.knowm.xchange.ExchangeFactory
				- Creating default exchange from class name 
10:49:02.628 cr-ahurynovich-001.801.crtrading.loc [main] DEBUG org.knowm.xchange.ExchangeFactory
				- Creating default exchange from class name 
10:49:02.630 cr-ahurynovich-001.801.crtrading.loc [main] DEBUG org.knowm.xchange.ExchangeFactory
				- Creating default exchange from class name 
11:15:11.979 cr-ahurynovich-001.801.crtrading.loc [Thread-1] DEBUG org.knowm.xchange.ExchangeFactory
				- Creating default exchange from class name 
11:15:11.979 cr-ahurynovich-001.801.crtrading.loc [Thread-3] DEBUG org.knowm.xchange.ExchangeFactory
				- Creating default exchange from class name 
11:15:11.979 cr-ahurynovich-001.801.crtrading.loc [Thread-2] DEBUG org.knowm.xchange.ExchangeFactory
				- Creating default exchange from class name 
11:15:11.982 cr-ahurynovich-001.801.crtrading.loc [Thread-1] DEBUG org.knowm.xchange.ExchangeFactory
				- Creating default exchange from class name 
11:15:11.982 cr-ahurynovich-001.801.crtrading.loc [Thread-3] DEBUG org.knowm.xchange.ExchangeFactory
				- Creating default exchange from class name 
11:15:11.982 cr-ahurynovich-001.801.crtrading.loc [Thread-2] DEBUG org.knowm.xchange.ExchangeFactory
				- Creating default exchange from class name 
11:17:34.017 cr-ahurynovich-001.801.crtrading.loc [Thread-1] DEBUG org.knowm.xchange.ExchangeFactory
				- Creating default exchange from class name 
11:17:34.017 cr-ahurynovich-001.801.crtrading.loc [Thread-2] DEBUG org.knowm.xchange.ExchangeFactory
				- Creating default exchange from class name 
11:17:34.017 cr-ahurynovich-001.801.crtrading.loc [Thread-3] DEBUG org.knowm.xchange.ExchangeFactory
				- Creating default exchange from class name 
11:17:34.019 cr-ahurynovich-001.801.crtrading.loc [Thread-1] DEBUG org.knowm.xchange.ExchangeFactory
				- Creating default exchange from class name 
11:17:34.020 cr-ahurynovich-001.801.crtrading.loc [Thread-2] DEBUG org.knowm.xchange.ExchangeFactory
				- Creating default exchange from class name 
11:17:34.020 cr-ahurynovich-001.801.crtrading.loc [Thread-3] DEBUG org.knowm.xchange.ExchangeFactory
				- Creating default exchange from class name 
11:18:05.349 cr-ahurynovich-001.801.crtrading.loc [RxComputationThreadPool-10] WARN  i.b.x.s.netty.NettyStreamingService
				- WebSocket is not open! Call connect first. 
11:18:05.351 cr-ahurynovich-001.801.crtrading.loc [RxComputationThreadPool-10] WARN  i.b.x.s.netty.NettyStreamingService
				- WebSocket is not open! Call connect first. 
11:18:05.353 cr-ahurynovich-001.801.crtrading.loc [Thread-2] WARN  i.b.x.s.netty.NettyStreamingService
				- WebSocket is not open! Call connect first. 
11:18:05.354 cr-ahurynovich-001.801.crtrading.loc [Thread-2] WARN  i.b.x.s.netty.NettyStreamingService
				- WebSocket is not open! Call connect first. 
11:18:05.355 cr-ahurynovich-001.801.crtrading.loc [Thread-2] WARN  i.b.x.s.netty.NettyStreamingService
				- WebSocket is not open! Call connect first. 
11:18:05.356 cr-ahurynovich-001.801.crtrading.loc [Thread-2] WARN  i.b.x.s.netty.NettyStreamingService
				- WebSocket is not open! Call connect first. 
11:18:05.357 cr-ahurynovich-001.801.crtrading.loc [Thread-2] WARN  i.b.x.s.netty.NettyStreamingService
				- WebSocket is not open! Call connect first. 
11:18:05.358 cr-ahurynovich-001.801.crtrading.loc [Thread-2] WARN  i.b.x.s.netty.NettyStreamingService
				- WebSocket is not open! Call connect first. 
11:18:05.359 cr-ahurynovich-001.801.crtrading.loc [Thread-2] WARN  i.b.x.s.netty.NettyStreamingService
				- WebSocket is not open! Call connect first. 
11:18:05.761 cr-ahurynovich-001.801.crtrading.loc [Thread-1] DEBUG org.knowm.xchange.ExchangeFactory
				- Creating default exchange from class name 
11:18:05.761 cr-ahurynovich-001.801.crtrading.loc [Thread-1] DEBUG org.knowm.xchange.ExchangeFactory
				- Creating default exchange from class name 
11:18:06.363 cr-ahurynovich-001.801.crtrading.loc [Thread-2] DEBUG org.knowm.xchange.ExchangeFactory
				- Creating default exchange from class name 
11:18:06.364 cr-ahurynovich-001.801.crtrading.loc [Thread-2] DEBUG org.knowm.xchange.ExchangeFactory
				- Creating default exchange from class name 
11:25:37.328 cr-ahurynovich-001.801.crtrading.loc [Thread-1] DEBUG org.knowm.xchange.ExchangeFactory
				- Creating default exchange from class name 
11:25:37.328 cr-ahurynovich-001.801.crtrading.loc [Thread-3] DEBUG org.knowm.xchange.ExchangeFactory
				- Creating default exchange from class name 
11:25:37.328 cr-ahurynovich-001.801.crtrading.loc [Thread-2] DEBUG org.knowm.xchange.ExchangeFactory
				- Creating default exchange from class name 
11:25:37.331 cr-ahurynovich-001.801.crtrading.loc [Thread-1] DEBUG org.knowm.xchange.ExchangeFactory
				- Creating default exchange from class name 
11:25:37.331 cr-ahurynovich-001.801.crtrading.loc [Thread-3] DEBUG org.knowm.xchange.ExchangeFactory
				- Creating default exchange from class name 
11:25:37.331 cr-ahurynovich-001.801.crtrading.loc [Thread-2] DEBUG org.knowm.xchange.ExchangeFactory
				- Creating default exchange from class name 
11:27:43.030 cr-ahurynovich-001.801.crtrading.loc [Thread-2] DEBUG org.knowm.xchange.ExchangeFactory
				- Creating default exchange from class name 
11:27:43.030 cr-ahurynovich-001.801.crtrading.loc [Thread-1] DEBUG org.knowm.xchange.ExchangeFactory
				- Creating default exchange from class name 
11:27:43.030 cr-ahurynovich-001.801.crtrading.loc [Thread-3] DEBUG org.knowm.xchange.ExchangeFactory
				- Creating default exchange from class name 
11:27:43.033 cr-ahurynovich-001.801.crtrading.loc [Thread-2] DEBUG org.knowm.xchange.ExchangeFactory
				- Creating default exchange from class name 
11:27:43.033 cr-ahurynovich-001.801.crtrading.loc [Thread-1] DEBUG org.knowm.xchange.ExchangeFactory
				- Creating default exchange from class name 
11:27:43.034 cr-ahurynovich-001.801.crtrading.loc [Thread-3] DEBUG org.knowm.xchange.ExchangeFactory
				- Creating default exchange from class name 
11:28:13.464 cr-ahurynovich-001.801.crtrading.loc [Thread-1] DEBUG org.knowm.xchange.ExchangeFactory
				- Creating default exchange from class name 
11:28:13.464 cr-ahurynovich-001.801.crtrading.loc [Thread-2] DEBUG org.knowm.xchange.ExchangeFactory
				- Creating default exchange from class name 
11:28:13.464 cr-ahurynovich-001.801.crtrading.loc [Thread-3] DEBUG org.knowm.xchange.ExchangeFactory
				- Creating default exchange from class name 
11:28:13.466 cr-ahurynovich-001.801.crtrading.loc [Thread-1] DEBUG org.knowm.xchange.ExchangeFactory
				- Creating default exchange from class name 
11:28:13.466 cr-ahurynovich-001.801.crtrading.loc [Thread-2] DEBUG org.knowm.xchange.ExchangeFactory
				- Creating default exchange from class name 
11:28:13.467 cr-ahurynovich-001.801.crtrading.loc [Thread-3] DEBUG org.knowm.xchange.ExchangeFactory
				- Creating default exchange from class name 
11:28:25.225 cr-ahurynovich-001.801.crtrading.loc [Thread-1] DEBUG org.knowm.xchange.ExchangeFactory
				- Creating default exchange from class name 
11:28:25.225 cr-ahurynovich-001.801.crtrading.loc [Thread-3] DEBUG org.knowm.xchange.ExchangeFactory
				- Creating default exchange from class name 
11:28:25.225 cr-ahurynovich-001.801.crtrading.loc [Thread-2] DEBUG org.knowm.xchange.ExchangeFactory
				- Creating default exchange from class name 
11:28:25.227 cr-ahurynovich-001.801.crtrading.loc [Thread-1] DEBUG org.knowm.xchange.ExchangeFactory
				- Creating default exchange from class name 
11:28:25.227 cr-ahurynovich-001.801.crtrading.loc [Thread-3] DEBUG org.knowm.xchange.ExchangeFactory
				- Creating default exchange from class name 
11:28:25.227 cr-ahurynovich-001.801.crtrading.loc [Thread-2] DEBUG org.knowm.xchange.ExchangeFactory
				- Creating default exchange from class name 
11:28:51.569 cr-ahurynovich-001.801.crtrading.loc [Thread-1] DEBUG org.knowm.xchange.ExchangeFactory
				- Creating default exchange from class name 
11:28:51.569 cr-ahurynovich-001.801.crtrading.loc [Thread-3] DEBUG org.knowm.xchange.ExchangeFactory
				- Creating default exchange from class name 
11:28:51.569 cr-ahurynovich-001.801.crtrading.loc [Thread-2] DEBUG org.knowm.xchange.ExchangeFactory
				- Creating default exchange from class name 
11:28:51.573 cr-ahurynovich-001.801.crtrading.loc [Thread-1] DEBUG org.knowm.xchange.ExchangeFactory
				- Creating default exchange from class name 
11:28:51.573 cr-ahurynovich-001.801.crtrading.loc [Thread-3] DEBUG org.knowm.xchange.ExchangeFactory
				- Creating default exchange from class name 
11:28:51.573 cr-ahurynovich-001.801.crtrading.loc [Thread-2] DEBUG org.knowm.xchange.ExchangeFactory
				- Creating default exchange from class name 
11:29:43.389 cr-ahurynovich-001.801.crtrading.loc [RxComputationThreadPool-17] WARN  i.b.x.s.netty.NettyStreamingService
				- WebSocket is not open! Call connect first. 
11:29:43.389 cr-ahurynovich-001.801.crtrading.loc [RxComputationThreadPool-10] WARN  i.b.x.s.netty.NettyStreamingService
				- WebSocket is not open! Call connect first. 
11:29:43.389 cr-ahurynovich-001.801.crtrading.loc [RxComputationThreadPool-15] WARN  i.b.x.s.netty.NettyStreamingService
				- WebSocket is not open! Call connect first. 
11:29:43.389 cr-ahurynovich-001.801.crtrading.loc [RxComputationThreadPool-11] WARN  i.b.x.s.netty.NettyStreamingService
				- WebSocket is not open! Call connect first. 
11:29:43.390 cr-ahurynovich-001.801.crtrading.loc [RxComputationThreadPool-12] WARN  i.b.x.s.netty.NettyStreamingService
				- WebSocket is not open! Call connect first. 
11:29:43.391 cr-ahurynovich-001.801.crtrading.loc [RxComputationThreadPool-16] WARN  i.b.x.s.netty.NettyStreamingService
				- WebSocket is not open! Call connect first. 
11:29:43.391 cr-ahurynovich-001.801.crtrading.loc [RxComputationThreadPool-13] WARN  i.b.x.s.netty.NettyStreamingService
				- WebSocket is not open! Call connect first. 
11:29:43.393 cr-ahurynovich-001.801.crtrading.loc [RxComputationThreadPool-14] WARN  i.b.x.s.netty.NettyStreamingService
				- WebSocket is not open! Call connect first. 
11:29:43.395 cr-ahurynovich-001.801.crtrading.loc [RxComputationThreadPool-17] WARN  i.b.x.s.netty.NettyStreamingService
				- WebSocket is not open! Call connect first. 
11:29:43.395 cr-ahurynovich-001.801.crtrading.loc [RxComputationThreadPool-15] WARN  i.b.x.s.netty.NettyStreamingService
				- WebSocket is not open! Call connect first. 
11:29:43.396 cr-ahurynovich-001.801.crtrading.loc [RxComputationThreadPool-16] WARN  i.b.x.s.netty.NettyStreamingService
				- WebSocket is not open! Call connect first. 
11:29:43.396 cr-ahurynovich-001.801.crtrading.loc [RxComputationThreadPool-11] WARN  i.b.x.s.netty.NettyStreamingService
				- WebSocket is not open! Call connect first. 
11:29:43.396 cr-ahurynovich-001.801.crtrading.loc [RxComputationThreadPool-10] WARN  i.b.x.s.netty.NettyStreamingService
				- WebSocket is not open! Call connect first. 
11:29:43.396 cr-ahurynovich-001.801.crtrading.loc [RxComputationThreadPool-13] WARN  i.b.x.s.netty.NettyStreamingService
				- WebSocket is not open! Call connect first. 
11:29:43.397 cr-ahurynovich-001.801.crtrading.loc [RxComputationThreadPool-12] WARN  i.b.x.s.netty.NettyStreamingService
				- WebSocket is not open! Call connect first. 
11:29:43.397 cr-ahurynovich-001.801.crtrading.loc [RxComputationThreadPool-14] WARN  i.b.x.s.netty.NettyStreamingService
				- WebSocket is not open! Call connect first. 
11:29:57.607 cr-ahurynovich-001.801.crtrading.loc [Thread-3] DEBUG org.knowm.xchange.ExchangeFactory
				- Creating default exchange from class name 
11:29:57.610 cr-ahurynovich-001.801.crtrading.loc [Thread-3] DEBUG org.knowm.xchange.ExchangeFactory
				- Creating default exchange from class name 
11:30:45.412 cr-ahurynovich-001.801.crtrading.loc [Thread-3] DEBUG org.knowm.xchange.ExchangeFactory
				- Creating default exchange from class name 
11:30:45.415 cr-ahurynovich-001.801.crtrading.loc [Thread-3] DEBUG org.knowm.xchange.ExchangeFactory
				- Creating default exchange from class name 
11:31:18.178 cr-ahurynovich-001.801.crtrading.loc [Thread-3] DEBUG org.knowm.xchange.ExchangeFactory
				- Creating default exchange from class name 
11:31:18.180 cr-ahurynovich-001.801.crtrading.loc [Thread-3] DEBUG org.knowm.xchange.ExchangeFactory
				- Creating default exchange from class name 
11:32:02.726 cr-ahurynovich-001.801.crtrading.loc [Thread-3] DEBUG org.knowm.xchange.ExchangeFactory
				- Creating default exchange from class name 
11:32:02.728 cr-ahurynovich-001.801.crtrading.loc [Thread-3] DEBUG org.knowm.xchange.ExchangeFactory
				- Creating default exchange from class name 
11:34:21.088 cr-ahurynovich-001.801.crtrading.loc [Thread-3] DEBUG org.knowm.xchange.ExchangeFactory
				- Creating default exchange from class name 
11:34:21.090 cr-ahurynovich-001.801.crtrading.loc [Thread-3] DEBUG org.knowm.xchange.ExchangeFactory
				- Creating default exchange from class name 
11:54:21.803 cr-ahurynovich-001.801.crtrading.loc [Thread-3] DEBUG org.knowm.xchange.ExchangeFactory
				- Creating default exchange from class name 
11:54:21.805 cr-ahurynovich-001.801.crtrading.loc [Thread-3] DEBUG org.knowm.xchange.ExchangeFactory
				- Creating default exchange from class name 
11:56:16.346 cr-ahurynovich-001.801.crtrading.loc [Thread-3] DEBUG org.knowm.xchange.ExchangeFactory
				- Creating default exchange from class name 
11:56:16.348 cr-ahurynovich-001.801.crtrading.loc [Thread-3] DEBUG org.knowm.xchange.ExchangeFactory
				- Creating default exchange from class name 
11:58:30.030 cr-ahurynovich-001.801.crtrading.loc [Thread-3] DEBUG org.knowm.xchange.ExchangeFactory
				- Creating default exchange from class name 
11:58:30.032 cr-ahurynovich-001.801.crtrading.loc [Thread-3] DEBUG org.knowm.xchange.ExchangeFactory
				- Creating default exchange from class name 
12:00:30.276 cr-ahurynovich-001.801.crtrading.loc [Thread-3] DEBUG org.knowm.xchange.ExchangeFactory
				- Creating default exchange from class name 
12:00:30.278 cr-ahurynovich-001.801.crtrading.loc [Thread-3] DEBUG org.knowm.xchange.ExchangeFactory
				- Creating default exchange from class name 
12:02:57.364 cr-ahurynovich-001.801.crtrading.loc [Thread-3] DEBUG org.knowm.xchange.ExchangeFactory
				- Creating default exchange from class name 
12:02:57.364 cr-ahurynovich-001.801.crtrading.loc [Thread-3] DEBUG org.knowm.xchange.ExchangeFactory
				- Creating default exchange from class name 
12:04:25.991 cr-ahurynovich-001.801.crtrading.loc [Thread-3] DEBUG org.knowm.xchange.ExchangeFactory
				- Creating default exchange from class name 
12:04:25.993 cr-ahurynovich-001.801.crtrading.loc [Thread-3] DEBUG org.knowm.xchange.ExchangeFactory
				- Creating default exchange from class name 
12:05:22.202 cr-ahurynovich-001.801.crtrading.loc [Thread-3] DEBUG org.knowm.xchange.ExchangeFactory
				- Creating default exchange from class name 
12:05:22.203 cr-ahurynovich-001.801.crtrading.loc [Thread-3] DEBUG org.knowm.xchange.ExchangeFactory
				- Creating default exchange from class name 
12:06:19.878 cr-ahurynovich-001.801.crtrading.loc [Thread-3] DEBUG org.knowm.xchange.ExchangeFactory
				- Creating default exchange from class name 
12:06:19.878 cr-ahurynovich-001.801.crtrading.loc [Thread-3] DEBUG org.knowm.xchange.ExchangeFactory
				- Creating default exchange from class name 
12:07:07.783 cr-ahurynovich-001.801.crtrading.loc [Thread-3] DEBUG org.knowm.xchange.ExchangeFactory
				- Creating default exchange from class name 
12:07:07.783 cr-ahurynovich-001.801.crtrading.loc [Thread-3] DEBUG org.knowm.xchange.ExchangeFactory
				- Creating default exchange from class name 
12:07:42.543 cr-ahurynovich-001.801.crtrading.loc [Thread-3] DEBUG org.knowm.xchange.ExchangeFactory
				- Creating default exchange from class name 
12:07:42.543 cr-ahurynovich-001.801.crtrading.loc [Thread-3] DEBUG org.knowm.xchange.ExchangeFactory
				- Creating default exchange from class name 
12:08:55.421 cr-ahurynovich-001.801.crtrading.loc [Thread-3] DEBUG org.knowm.xchange.ExchangeFactory
				- Creating default exchange from class name 
12:08:55.421 cr-ahurynovich-001.801.crtrading.loc [Thread-3] DEBUG org.knowm.xchange.ExchangeFactory
				- Creating default exchange from class name 
12:10:49.319 cr-ahurynovich-001.801.crtrading.loc [Thread-3] DEBUG org.knowm.xchange.ExchangeFactory
				- Creating default exchange from class name 
12:10:49.450 cr-ahurynovich-001.801.crtrading.loc [Thread-3] DEBUG org.knowm.xchange.ExchangeFactory
				- Creating default exchange from class name 
12:13:47.980 cr-ahurynovich-001.801.crtrading.loc [Thread-3] DEBUG org.knowm.xchange.ExchangeFactory
				- Creating default exchange from class name 
12:13:47.982 cr-ahurynovich-001.801.crtrading.loc [Thread-3] DEBUG org.knowm.xchange.ExchangeFactory
				- Creating default exchange from class name 
